# JRE version: Java(TM) SE Runtime Environment (8.0_91-b15) (build 1.8.0_91-b15)
# Java VM: Java HotSpot(TM) 64-Bit Server VM (25.91-b15 mixed mode windows-amd64 compressed oops)
Heap:
 PSYoungGen      total 180224K, used 132021K [0x00000000e0780000, 0x00000000f5f00000, 0x0000000100000000)
  eden space 54784K, 42% used [0x00000000e0780000,0x00000000e1e5d4b8,0x00000000e3d00000)
  from space 125440K, 86% used [0x00000000e3d00000,0x00000000ea710010,0x00000000eb780000)
  to   space 141824K, 0% used [0x00000000ed480000,0x00000000ed480000,0x00000000f5f00000)
 ParOldGen       total 219136K, used 144046K [0x00000000a1600000, 0x00000000aec00000, 0x00000000e0780000)
  object space 219136K, 65% used [0x00000000a1600000,0x00000000aa2abb80,0x00000000aec00000)
 Metaspace       used 14119K, capacity 14284K, committed 14720K, reserved 1062912K
  class space    used 1513K, capacity 1603K, committed 1664K, reserved 1048576K
GC Heap History (10 events):
Event: 4.660 GC heap before
{Heap before GC invocations=7 (full 2):
 PSYoungGen      total 53248K, used 4096K [0x00000000e0780000, 0x00000000ec080000, 0x0000000100000000)
  eden space 49152K, 0% used [0x00000000e0780000,0x00000000e0780000,0x00000000e3780000)
  from space 4096K, 100% used [0x00000000e3780000,0x00000000e3b80000,0x00000000e3b80000)
  to   space 57344K, 0% used [0x00000000e8880000,0x00000000e8880000,0x00000000ec080000)
 ParOldGen       total 118784K, used 95145K [0x00000000a1600000, 0x00000000a8a00000, 0x00000000e0780000)
  object space 118784K, 80% used [0x00000000a1600000,0x00000000a72ea598,0x00000000a8a00000)
 Metaspace       used 13565K, capacity 13824K, committed 14080K, reserved 1062912K
  class space    used 1444K, capacity 1535K, committed 1536K, reserved 1048576K
Event: 4.932 GC heap after
Heap after GC invocations=7 (full 2):
 PSYoungGen      total 53248K, used 0K [0x00000000e0780000, 0x00000000ec080000, 0x0000000100000000)
  eden space 49152K, 0% used [0x00000000e0780000,0x00000000e0780000,0x00000000e3780000)
  from space 4096K, 0% used [0x00000000e3780000,0x00000000e3780000,0x00000000e3b80000)
  to   space 57344K, 0% used [0x00000000e8880000,0x00000000e8880000,0x00000000ec080000)
 ParOldGen       total 219136K, used 97306K [0x00000000a1600000, 0x00000000aec00000, 0x00000000e0780000)
  object space 219136K, 44% used [0x00000000a1600000,0x00000000a7506a20,0x00000000aec00000)
 Metaspace       used 13565K, capacity 13824K, committed 14080K, reserved 1062912K
  class space    used 1444K, capacity 1535K, committed 1536K, reserved 1048576K
}
Event: 5.089 GC heap before
{Heap before GC invocations=8 (full 2):
 PSYoungGen      total 53248K, used 49152K [0x00000000e0780000, 0x00000000ec080000, 0x0000000100000000)
  eden space 49152K, 100% used [0x00000000e0780000,0x00000000e3780000,0x00000000e3780000)
  from space 4096K, 0% used [0x00000000e3780000,0x00000000e3780000,0x00000000e3b80000)
  to   space 57344K, 0% used [0x00000000e8880000,0x00000000e8880000,0x00000000ec080000)
 ParOldGen       total 219136K, used 97306K [0x00000000a1600000, 0x00000000aec00000, 0x00000000e0780000)
  object space 219136K, 44% used [0x00000000a1600000,0x00000000a7506a20,0x00000000aec00000)
 Metaspace       used 13679K, capacity 13888K, committed 14080K, reserved 1062912K
  class space    used 1458K, capacity 1535K, committed 1536K, reserved 1048576K
Event: 5.136 GC heap after
Heap after GC invocations=8 (full 2):
 PSYoungGen      total 115712K, used 49268K [0x00000000e0780000, 0x00000000ec380000, 0x0000000100000000)
  eden space 58368K, 0% used [0x00000000e0780000,0x00000000e0780000,0x00000000e4080000)
  from space 57344K, 85% used [0x00000000e8880000,0x00000000eb89d010,0x00000000ec080000)
  to   space 67072K, 0% used [0x00000000e4080000,0x00000000e4080000,0x00000000e8200000)
 ParOldGen       total 219136K, used 97306K [0x00000000a1600000, 0x00000000aec00000, 0x00000000e0780000)
  object space 219136K, 44% used [0x00000000a1600000,0x00000000a7506a20,0x00000000aec00000)
 Metaspace       used 13679K, capacity 13888K, committed 14080K, reserved 1062912K
  class space    used 1458K, capacity 1535K, committed 1536K, reserved 1048576K
}
Event: 5.305 GC heap before
{Heap before GC invocations=9 (full 2):
 PSYoungGen      total 115712K, used 107636K [0x00000000e0780000, 0x00000000ec380000, 0x0000000100000000)
  eden space 58368K, 100% used [0x00000000e0780000,0x00000000e4080000,0x00000000e4080000)
  from space 57344K, 85% used [0x00000000e8880000,0x00000000eb89d010,0x00000000ec080000)
  to   space 67072K, 0% used [0x00000000e4080000,0x00000000e4080000,0x00000000e8200000)
 ParOldGen       total 219136K, used 97306K [0x00000000a1600000, 0x00000000aec00000, 0x00000000e0780000)
  object space 219136K, 44% used [0x00000000a1600000,0x00000000a7506a20,0x00000000aec00000)
 Metaspace       used 13679K, capacity 13888K, committed 14080K, reserved 1062912K
  class space    used 1458K, capacity 1535K, committed 1536K, reserved 1048576K
Event: 5.433 GC heap after
Heap after GC invocations=9 (full 2):
 PSYoungGen      total 125440K, used 67060K [0x00000000e0780000, 0x00000000f1b80000, 0x0000000100000000)
  eden space 58368K, 0% used [0x00000000e0780000,0x00000000e0780000,0x00000000e4080000)
  from space 67072K, 99% used [0x00000000e4080000,0x00000000e81fd010,0x00000000e8200000)
  to   space 102400K, 0% used [0x00000000eb780000,0x00000000eb780000,0x00000000f1b80000)
 ParOldGen       total 219136K, used 138158K [0x00000000a1600000, 0x00000000aec00000, 0x00000000e0780000)
  object space 219136K, 63% used [0x00000000a1600000,0x00000000a9cebb80,0x00000000aec00000)
 Metaspace       used 13679K, capacity 13888K, committed 14080K, reserved 1062912K
  class space    used 1458K, capacity 1535K, committed 1536K, reserved 1048576K
}
Event: 5.778 GC heap before
{Heap before GC invocations=10 (full 2):
 PSYoungGen      total 125440K, used 125428K [0x00000000e0780000, 0x00000000f1b80000, 0x0000000100000000)
  eden space 58368K, 100% used [0x00000000e0780000,0x00000000e4080000,0x00000000e4080000)
  from space 67072K, 99% used [0x00000000e4080000,0x00000000e81fd010,0x00000000e8200000)
  to   space 102400K, 0% used [0x00000000eb780000,0x00000000eb780000,0x00000000f1b80000)
 ParOldGen       total 219136K, used 138158K [0x00000000a1600000, 0x00000000aec00000, 0x00000000e0780000)
  object space 219136K, 63% used [0x00000000a1600000,0x00000000a9cebb80,0x00000000aec00000)
 Metaspace       used 13990K, capacity 14184K, committed 14464K, reserved 1062912K
  class space    used 1493K, capacity 1571K, committed 1664K, reserved 1048576K
Event: 5.901 GC heap after
Heap after GC invocations=10 (full 2):
 PSYoungGen      total 157184K, used 102368K [0x00000000e0780000, 0x00000000f4a80000, 0x0000000100000000)
  eden space 54784K, 0% used [0x00000000e0780000,0x00000000e0780000,0x00000000e3d00000)
  from space 102400K, 99% used [0x00000000eb780000,0x00000000f1b78010,0x00000000f1b80000)
  to   space 125440K, 0% used [0x00000000e3d00000,0x00000000e3d00000,0x00000000eb780000)
 ParOldGen       total 219136K, used 144038K [0x00000000a1600000, 0x00000000aec00000, 0x00000000e0780000)
  object space 219136K, 65% used [0x00000000a1600000,0x00000000aa2a9b80,0x00000000aec00000)
 Metaspace       used 13990K, capacity 14184K, committed 14464K, reserved 1062912K
  class space    used 1493K, capacity 1571K, committed 1664K, reserved 1048576K
}
Event: 6.223 GC heap before
{Heap before GC invocations=11 (full 2):
 PSYoungGen      total 157184K, used 157152K [0x00000000e0780000, 0x00000000f4a80000, 0x0000000100000000)
  eden space 54784K, 100% used [0x00000000e0780000,0x00000000e3d00000,0x00000000e3d00000)
  from space 102400K, 99% used [0x00000000eb780000,0x00000000f1b78010,0x00000000f1b80000)
  to   space 125440K, 0% used [0x00000000e3d00000,0x00000000e3d00000,0x00000000eb780000)
 ParOldGen       total 219136K, used 144038K [0x00000000a1600000, 0x00000000aec00000, 0x00000000e0780000)
  object space 219136K, 65% used [0x00000000a1600000,0x00000000aa2a9b80,0x00000000aec00000)
 Metaspace       used 14026K, capacity 14252K, committed 14720K, reserved 1062912K
  class space    used 1493K, capacity 1571K, committed 1664K, reserved 1048576K
Event: 6.341 GC heap after
Heap after GC invocations=11 (full 2):
 PSYoungGen      total 180224K, used 108608K [0x00000000e0780000, 0x00000000f5f00000, 0x0000000100000000)
  eden space 54784K, 0% used [0x00000000e0780000,0x00000000e0780000,0x00000000e3d00000)
  from space 125440K, 86% used [0x00000000e3d00000,0x00000000ea710010,0x00000000eb780000)
  to   space 141824K, 0% used [0x00000000ed480000,0x00000000ed480000,0x00000000f5f00000)
 ParOldGen       total 219136K, used 144046K [0x00000000a1600000, 0x00000000aec00000, 0x00000000e0780000)
  object space 219136K, 65% used [0x00000000a1600000,0x00000000aa2abb80,0x00000000aec00000)
 Metaspace       used 14026K, capacity 14252K, committed 14720K, reserved 1062912K
  class space    used 1493K, capacity 1571K, committed 1664K, reserved 1048576K
}

