# JRE version: Java(TM) SE Runtime Environment (8.0_101-b13) (build 1.8.0_101-b13)
# Java VM: Java HotSpot(TM) 64-Bit Server VM (25.101-b13 mixed mode windows-amd64 compressed oops)
Heap:
 PSYoungGen      total 161280K, used 147366K [0x00000000d5800000, 0x00000000e5300000, 0x0000000100000000)
  eden space 88064K, 91% used [0x00000000d5800000,0x00000000da6e9be0,0x00000000dae00000)
  from space 73216K, 90% used [0x00000000e0400000,0x00000000e4500000,0x00000000e4b80000)
  to   space 84480K, 0% used [0x00000000dae00000,0x00000000dae00000,0x00000000e0080000)
 ParOldGen       total 294400K, used 155080K [0x0000000080800000, 0x0000000092780000, 0x00000000d5800000)
  object space 294400K, 52% used [0x0000000080800000,0x0000000089f721a0,0x0000000092780000)
 Metaspace       used 14240K, capacity 14450K, committed 14720K, reserved 1062912K
  class space    used 1552K, capacity 1636K, committed 1664K, reserved 1048576K
GC Heap History (10 events):
Event: 9.328 GC heap before
{Heap before GC invocations=4 (full 1):
 PSYoungGen      total 38400K, used 5088K [0x00000000d5800000, 0x00000000da300000, 0x0000000100000000)
  eden space 33280K, 0% used [0x00000000d5800000,0x00000000d5800000,0x00000000d7880000)
  from space 5120K, 99% used [0x00000000d7880000,0x00000000d7d780e0,0x00000000d7d80000)
  to   space 5120K, 0% used [0x00000000d9e00000,0x00000000d9e00000,0x00000000da300000)
 ParOldGen       total 87552K, used 65242K [0x0000000080800000, 0x0000000085d80000, 0x00000000d5800000)
  object space 87552K, 74% used [0x0000000080800000,0x00000000847b6980,0x0000000085d80000)
 Metaspace       used 13760K, capacity 13990K, committed 14208K, reserved 1062912K
  class space    used 1496K, capacity 1568K, committed 1664K, reserved 1048576K
Event: 9.623 GC heap after
Heap after GC invocations=4 (full 1):
 PSYoungGen      total 38400K, used 0K [0x00000000d5800000, 0x00000000da300000, 0x0000000100000000)
  eden space 33280K, 0% used [0x00000000d5800000,0x00000000d5800000,0x00000000d7880000)
  from space 5120K, 0% used [0x00000000d7880000,0x00000000d7880000,0x00000000d7d80000)
  to   space 5120K, 0% used [0x00000000d9e00000,0x00000000d9e00000,0x00000000da300000)
 ParOldGen       total 159744K, used 67409K [0x0000000080800000, 0x000000008a400000, 0x00000000d5800000)
  object space 159744K, 42% used [0x0000000080800000,0x00000000849d4718,0x000000008a400000)
 Metaspace       used 13760K, capacity 13990K, committed 14208K, reserved 1062912K
  class space    used 1496K, capacity 1568K, committed 1664K, reserved 1048576K
}
Event: 9.730 GC heap before
{Heap before GC invocations=5 (full 1):
 PSYoungGen      total 38400K, used 33280K [0x00000000d5800000, 0x00000000da300000, 0x0000000100000000)
  eden space 33280K, 100% used [0x00000000d5800000,0x00000000d7880000,0x00000000d7880000)
  from space 5120K, 0% used [0x00000000d7880000,0x00000000d7880000,0x00000000d7d80000)
  to   space 5120K, 0% used [0x00000000d9e00000,0x00000000d9e00000,0x00000000da300000)
 ParOldGen       total 159744K, used 67409K [0x0000000080800000, 0x000000008a400000, 0x00000000d5800000)
  object space 159744K, 42% used [0x0000000080800000,0x00000000849d4718,0x000000008a400000)
 Metaspace       used 13760K, capacity 13990K, committed 14208K, reserved 1062912K
  class space    used 1496K, capacity 1568K, committed 1664K, reserved 1048576K
Event: 9.758 GC heap after
Heap after GC invocations=5 (full 1):
 PSYoungGen      total 62464K, used 5088K [0x00000000d5800000, 0x00000000da300000, 0x0000000100000000)
  eden space 57344K, 0% used [0x00000000d5800000,0x00000000d5800000,0x00000000d9000000)
  from space 5120K, 99% used [0x00000000d9e00000,0x00000000da2f8010,0x00000000da300000)
  to   space 5120K, 0% used [0x00000000d9900000,0x00000000d9900000,0x00000000d9e00000)
 ParOldGen       total 159744K, used 96415K [0x0000000080800000, 0x000000008a400000, 0x00000000d5800000)
  object space 159744K, 60% used [0x0000000080800000,0x0000000086627dd0,0x000000008a400000)
 Metaspace       used 13760K, capacity 13990K, committed 14208K, reserved 1062912K
  class space    used 1496K, capacity 1568K, committed 1664K, reserved 1048576K
}
Event: 10.027 GC heap before
{Heap before GC invocations=6 (full 1):
 PSYoungGen      total 62464K, used 62432K [0x00000000d5800000, 0x00000000da300000, 0x0000000100000000)
  eden space 57344K, 100% used [0x00000000d5800000,0x00000000d9000000,0x00000000d9000000)
  from space 5120K, 99% used [0x00000000d9e00000,0x00000000da2f8010,0x00000000da300000)
  to   space 5120K, 0% used [0x00000000d9900000,0x00000000d9900000,0x00000000d9e00000)
 ParOldGen       total 159744K, used 96415K [0x0000000080800000, 0x000000008a400000, 0x00000000d5800000)
  object space 159744K, 60% used [0x0000000080800000,0x0000000086627dd0,0x000000008a400000)
 Metaspace       used 13872K, capacity 14054K, committed 14464K, reserved 1062912K
  class space    used 1511K, capacity 1568K, committed 1664K, reserved 1048576K
Event: 10.106 GC heap after
Heap after GC invocations=6 (full 1):
 PSYoungGen      total 71680K, used 5120K [0x00000000d5800000, 0x00000000e4b80000, 0x0000000100000000)
  eden space 66560K, 0% used [0x00000000d5800000,0x00000000d5800000,0x00000000d9900000)
  from space 5120K, 100% used [0x00000000d9900000,0x00000000d9e00000,0x00000000d9e00000)
  to   space 73216K, 0% used [0x00000000e0400000,0x00000000e0400000,0x00000000e4b80000)
 ParOldGen       total 159744K, used 155256K [0x0000000080800000, 0x000000008a400000, 0x00000000d5800000)
  object space 159744K, 97% used [0x0000000080800000,0x0000000089f9e040,0x000000008a400000)
 Metaspace       used 13872K, capacity 14054K, committed 14464K, reserved 1062912K
  class space    used 1511K, capacity 1568K, committed 1664K, reserved 1048576K
}
Event: 10.106 GC heap before
{Heap before GC invocations=7 (full 2):
 PSYoungGen      total 71680K, used 5120K [0x00000000d5800000, 0x00000000e4b80000, 0x0000000100000000)
  eden space 66560K, 0% used [0x00000000d5800000,0x00000000d5800000,0x00000000d9900000)
  from space 5120K, 100% used [0x00000000d9900000,0x00000000d9e00000,0x00000000d9e00000)
  to   space 73216K, 0% used [0x00000000e0400000,0x00000000e0400000,0x00000000e4b80000)
 ParOldGen       total 159744K, used 155256K [0x0000000080800000, 0x000000008a400000, 0x00000000d5800000)
  object space 159744K, 97% used [0x0000000080800000,0x0000000089f9e040,0x000000008a400000)
 Metaspace       used 13872K, capacity 14054K, committed 14464K, reserved 1062912K
  class space    used 1511K, capacity 1568K, committed 1664K, reserved 1048576K
Event: 10.482 GC heap after
Heap after GC invocations=7 (full 2):
 PSYoungGen      total 71680K, used 0K [0x00000000d5800000, 0x00000000e4b80000, 0x0000000100000000)
  eden space 66560K, 0% used [0x00000000d5800000,0x00000000d5800000,0x00000000d9900000)
  from space 5120K, 0% used [0x00000000d9900000,0x00000000d9900000,0x00000000d9e00000)
  to   space 73216K, 0% used [0x00000000e0400000,0x00000000e0400000,0x00000000e4b80000)
 ParOldGen       total 294400K, used 155080K [0x0000000080800000, 0x0000000092780000, 0x00000000d5800000)
  object space 294400K, 52% used [0x0000000080800000,0x0000000089f721a0,0x0000000092780000)
 Metaspace       used 13872K, capacity 14054K, committed 14464K, reserved 1062912K
  class space    used 1511K, capacity 1568K, committed 1664K, reserved 1048576K
}
Event: 10.615 GC heap before
{Heap before GC invocations=8 (full 2):
 PSYoungGen      total 71680K, used 66560K [0x00000000d5800000, 0x00000000e4b80000, 0x0000000100000000)
  eden space 66560K, 100% used [0x00000000d5800000,0x00000000d9900000,0x00000000d9900000)
  from space 5120K, 0% used [0x00000000d9900000,0x00000000d9900000,0x00000000d9e00000)
  to   space 73216K, 0% used [0x00000000e0400000,0x00000000e0400000,0x00000000e4b80000)
 ParOldGen       total 294400K, used 155080K [0x0000000080800000, 0x0000000092780000, 0x00000000d5800000)
  object space 294400K, 52% used [0x0000000080800000,0x0000000089f721a0,0x0000000092780000)
 Metaspace       used 13872K, capacity 14054K, committed 14464K, reserved 1062912K
  class space    used 1511K, capacity 1568K, committed 1664K, reserved 1048576K
Event: 10.666 GC heap after
Heap after GC invocations=8 (full 2):
 PSYoungGen      total 161280K, used 66560K [0x00000000d5800000, 0x00000000e5300000, 0x0000000100000000)
  eden space 88064K, 0% used [0x00000000d5800000,0x00000000d5800000,0x00000000dae00000)
  from space 73216K, 90% used [0x00000000e0400000,0x00000000e4500000,0x00000000e4b80000)
  to   space 84480K, 0% used [0x00000000dae00000,0x00000000dae00000,0x00000000e0080000)
 ParOldGen       total 294400K, used 155080K [0x0000000080800000, 0x0000000092780000, 0x00000000d5800000)
  object space 294400K, 52% used [0x0000000080800000,0x0000000089f721a0,0x0000000092780000)
 Metaspace       used 13872K, capacity 14054K, committed 14464K, reserved 1062912K
  class space    used 1511K, capacity 1568K, committed 1664K, reserved 1048576K
}

